Build started 6/4/2013 17:54:17 .
     1>Project "D:\Google Drive\d16\d16\d16_p4\d16_p4.vcxproj" on node 2 (build target(s)).
     1>InitializeBuildStatus:
         Creating "Debug\d16_p4.unsuccessfulbuild" because "AlwaysCreate" was specified.
       ClCompile:
         C:\Program Files (x86)\Microsoft Visual Studio 10.0\VC\bin\CL.exe /c /ZI /nologo /W3 /WX- /Od /Oy- /D WIN32 /D _DEBUG /D _CONSOLE /D _UNICODE /D UNICODE /Gm /EHsc /RTC1 /MDd /GS /fp:precise /Zc:wchar_t /Zc:forScope /Fo"Debug\\" /Fd"Debug\vc100.pdb" /Gd /TP /analyze- /errorReport:prompt functions.cpp
         functions.cpp
       ManifestResourceCompile:
         All outputs are up-to-date.
       Link:
         C:\Program Files (x86)\Microsoft Visual Studio 10.0\VC\bin\link.exe /ERRORREPORT:PROMPT /OUT:"D:\Google Drive\d16\d16\Debug\d16_p4.exe" /INCREMENTAL /NOLOGO kernel32.lib user32.lib gdi32.lib winspool.lib comdlg32.lib advapi32.lib shell32.lib ole32.lib oleaut32.lib uuid.lib odbc32.lib odbccp32.lib /MANIFEST /ManifestFile:"Debug\d16_p4.exe.intermediate.manifest" /MANIFESTUAC:"level='asInvoker' uiAccess='false'" /DEBUG /PDB:"D:\Google Drive\d16\d16\Debug\d16_p4.pdb" /SUBSYSTEM:CONSOLE /TLBID:1 /DYNAMICBASE /NXCOMPAT /IMPLIB:"D:\Google Drive\d16\d16\Debug\d16_p4.lib" /MACHINE:X86 Debug\d16_p4.exe.embed.manifest.res
         Debug\4_main.obj
         Debug\functions.obj
       Manifest:
         C:\Program Files (x86)\Microsoft SDKs\Windows\v7.0A\bin\mt.exe /nologo /verbose /out:"Debug\d16_p4.exe.embed.manifest" /manifest Debug\d16_p4.exe.intermediate.manifest
         All outputs are up-to-date.
       LinkEmbedManifest:
         All outputs are up-to-date.
         d16_p4.vcxproj -> D:\Google Drive\d16\d16\Debug\d16_p4.exe
       FinalizeBuildStatus:
         Deleting file "Debug\d16_p4.unsuccessfulbuild".
         Touching "Debug\d16_p4.lastbuildstate".
     1>Done Building Project "D:\Google Drive\d16\d16\d16_p4\d16_p4.vcxproj" (build target(s)).

Build succeeded.

Time Elapsed 00:00:00.85
